<?xml version="1.0" encoding="UTF-8"?>
<testng-results skipped="0" failed="0" ignored="1" total="2" passed="1">
  <reporter-output>
  </reporter-output>
  <suite name="Default suite" duration-ms="23286" started-at="2018-10-17T22:40:50Z" finished-at="2018-10-17T22:41:13Z">
    <groups>
    </groups>
    <test name="Default test" duration-ms="23286" started-at="2018-10-17T22:40:50Z" finished-at="2018-10-17T22:41:13Z">
      <class name="ar.com.info.automation.test.TestAltaUsr">
        <test-method status="PASS" signature="setUp()[pri:0, instance:ar.com.info.automation.test.TestAltaUsr@42e26948]" name="setUp" is-config="true" duration-ms="3480" started-at="2018-10-17T19:40:50Z" finished-at="2018-10-17T19:40:53Z">
          <reporter-output>
          </reporter-output>
        </test-method> <!-- setUp -->
        <test-method status="PASS" signature="initUser()[pri:0, instance:ar.com.info.automation.test.TestAltaUsr@42e26948]" name="initUser" is-config="true" duration-ms="3" started-at="2018-10-17T19:40:53Z" finished-at="2018-10-17T19:40:53Z">
          <reporter-output>
          </reporter-output>
        </test-method> <!-- initUser -->
        <test-method status="PASS" signature="createAcount()[pri:0, instance:ar.com.info.automation.test.TestAltaUsr@42e26948]" name="createAcount" duration-ms="19757" started-at="2018-10-17T19:40:53Z" finished-at="2018-10-17T19:41:13Z">
          <reporter-output>
          </reporter-output>
        </test-method> <!-- createAcount -->
      </class> <!-- ar.com.info.automation.test.TestAltaUsr -->
    </test> <!-- Default test -->
  </suite> <!-- Default suite -->
</testng-results>
