<?xml version="1.0" encoding="UTF-8"?>
<testng-results skipped="0" failed="0" ignored="0" total="5" passed="5">
  <reporter-output>
  </reporter-output>
  <suite name="Default suite" duration-ms="4395" started-at="2018-10-17T22:00:15Z" finished-at="2018-10-17T22:00:19Z">
    <groups>
    </groups>
    <test name="Default test" duration-ms="4395" started-at="2018-10-17T22:00:15Z" finished-at="2018-10-17T22:00:19Z">
      <class name="service.InsumoTest">
        <test-method status="PASS" signature="setUp()[pri:0, instance:service.InsumoTest@6a4f787b]" name="setUp" is-config="true" duration-ms="763" started-at="2018-10-17T19:00:15Z" finished-at="2018-10-17T19:00:16Z">
          <reporter-output>
          </reporter-output>
        </test-method> <!-- setUp -->
        <test-method status="PASS" signature="addProduct()[pri:0, instance:service.InsumoTest@6a4f787b]" name="addProduct" duration-ms="2962" started-at="2018-10-17T19:00:16Z" finished-at="2018-10-17T19:00:19Z">
          <reporter-output>
          </reporter-output>
        </test-method> <!-- addProduct -->
        <test-method status="PASS" signature="setUp()[pri:0, instance:service.InsumoTest@6a4f787b]" name="setUp" is-config="true" duration-ms="0" started-at="2018-10-17T19:00:19Z" finished-at="2018-10-17T19:00:19Z">
          <reporter-output>
          </reporter-output>
        </test-method> <!-- setUp -->
        <test-method status="PASS" signature="getAll()[pri:0, instance:service.InsumoTest@6a4f787b]" name="getAll" duration-ms="208" started-at="2018-10-17T19:00:19Z" finished-at="2018-10-17T19:00:19Z">
          <reporter-output>
          </reporter-output>
        </test-method> <!-- getAll -->
        <test-method status="PASS" signature="getWithPathParam()[pri:0, instance:service.InsumoTest@6a4f787b]" name="getWithPathParam" duration-ms="189" started-at="2018-10-17T19:00:19Z" finished-at="2018-10-17T19:00:19Z">
          <reporter-output>
          </reporter-output>
        </test-method> <!-- getWithPathParam -->
        <test-method status="PASS" signature="setUp()[pri:0, instance:service.InsumoTest@6a4f787b]" name="setUp" is-config="true" duration-ms="0" started-at="2018-10-17T19:00:19Z" finished-at="2018-10-17T19:00:19Z">
          <reporter-output>
          </reporter-output>
        </test-method> <!-- setUp -->
        <test-method status="PASS" signature="getUsingQueryParam()[pri:0, instance:service.InsumoTest@6a4f787b]" name="getUsingQueryParam" duration-ms="124" started-at="2018-10-17T19:00:19Z" depends-on-methods="service.InsumoTest.addProduct" finished-at="2018-10-17T19:00:19Z">
          <reporter-output>
          </reporter-output>
        </test-method> <!-- getUsingQueryParam -->
        <test-method status="PASS" signature="setUp()[pri:0, instance:service.InsumoTest@6a4f787b]" name="setUp" is-config="true" duration-ms="0" started-at="2018-10-17T19:00:19Z" finished-at="2018-10-17T19:00:19Z">
          <reporter-output>
          </reporter-output>
        </test-method> <!-- setUp -->
        <test-method status="PASS" signature="deleteProduct()[pri:0, instance:service.InsumoTest@6a4f787b]" name="deleteProduct" duration-ms="75" started-at="2018-10-17T19:00:19Z" depends-on-methods="service.InsumoTest.getUsingQueryParam" finished-at="2018-10-17T19:00:19Z">
          <reporter-output>
          </reporter-output>
        </test-method> <!-- deleteProduct -->
        <test-method status="PASS" signature="setUp()[pri:0, instance:service.InsumoTest@6a4f787b]" name="setUp" is-config="true" duration-ms="0" started-at="2018-10-17T19:00:19Z" finished-at="2018-10-17T19:00:19Z">
          <reporter-output>
          </reporter-output>
        </test-method> <!-- setUp -->
      </class> <!-- service.InsumoTest -->
    </test> <!-- Default test -->
  </suite> <!-- Default suite -->
</testng-results>
