<?xml version="1.0" encoding="UTF-8"?>
<!-- Generated by org.testng.reporters.JUnitXMLReporter -->
<testsuite hostname="rat" ignored="0" name="Default test" tests="5" failures="0" timestamp="17 oct 2018 22:00:19 GMT" time="4.395" errors="0">
  <testcase name="addProduct" time="2.962" classname="service.InsumoTest"/>
  <testcase name="getAll" time="0.208" classname="service.InsumoTest"/>
  <testcase name="getWithPathParam" time="0.189" classname="service.InsumoTest"/>
  <testcase name="getUsingQueryParam" time="0.124" classname="service.InsumoTest"/>
  <testcase name="deleteProduct" time="0.075" classname="service.InsumoTest"/>
</testsuite> <!-- Default test -->
