<?xml version="1.0" encoding="UTF-8"?>
<!-- Generated by org.testng.reporters.JUnitXMLReporter -->
<testsuite hostname="DESKTOP-G39R0KJ" ignored="1" name="Default test" tests="1" failures="0" timestamp="03 oct 2018 22:50:24 GMT" time="16.158" errors="0">
  <testcase name="createAcount" time="12.892" classname="ar.com.info.automation.test.TestAltaUsr"/>
  <testcase name="prueba" time="0.0" classname="ar.com.info.automation.test.TestAltaUsr">
    <ignored/>
  </testcase> <!-- prueba -->
</testsuite> <!-- Default test -->
